<?xml version="1.0" encoding="UTF-8"?>
<testng-results skipped="0" failed="0" ignored="0" total="1" passed="1">
  <reporter-output>
  </reporter-output>
  <suite name="Default suite" duration-ms="11650" started-at="2019-05-27T07:08:33Z" finished-at="2019-05-27T07:08:45Z">
    <groups>
    </groups>
    <test name="Default test" duration-ms="11650" started-at="2019-05-27T07:08:33Z" finished-at="2019-05-27T07:08:45Z">
      <class name="regression.NewTest">
        <test-method status="PASS" signature="beforeMethod()[pri:0, instance:regression.NewTest@59f99ea]" name="beforeMethod" is-config="true" duration-ms="4106" started-at="2019-05-27T07:08:33Z" finished-at="2019-05-27T07:08:37Z">
          <reporter-output>
          </reporter-output>
        </test-method> <!-- beforeMethod -->
        <test-method status="PASS" signature="f()[pri:0, instance:regression.NewTest@59f99ea]" name="f" duration-ms="6614" started-at="2019-05-27T07:08:37Z" finished-at="2019-05-27T07:08:44Z">
          <reporter-output>
          </reporter-output>
        </test-method> <!-- f -->
        <test-method status="PASS" signature="afterMethod()[pri:0, instance:regression.NewTest@59f99ea]" name="afterMethod" is-config="true" duration-ms="905" started-at="2019-05-27T07:08:44Z" finished-at="2019-05-27T07:08:45Z">
          <reporter-output>
          </reporter-output>
        </test-method> <!-- afterMethod -->
      </class> <!-- regression.NewTest -->
    </test> <!-- Default test -->
  </suite> <!-- Default suite -->
</testng-results>
